Using pre-set license
Built from '2020.3/staging' branch; Version is '2020.3.22f1 (e1a7f79fd887) revision 14788599'; Using compiler version '192528614'; Build Type 'Release'
OS: 'Windows 10 Home; OS build 22000.556; Version 2009; 64bit' Language: 'en' Physical Memory: 16126 MB
BatchMode: 1, IsHumanControllingUs: 0, StartBugReporterOnCrash: 0, Is64bit: 1, IsPro: 0

COMMAND LINE ARGUMENTS:
C:\Program Files\Unity\Hub\Editor\2020.3.22f1\Editor\Unity.exe
-adb2
-batchMode
-noUpm
-name
AssetImportWorker0
-projectPath
J:/GAME 201/3D Level Git/3D-Level/3D Level
-logFile
Logs/AssetImportWorker0.log
-srvPort
51963
Successfully changed project path to: J:/GAME 201/3D Level Git/3D-Level/3D Level
J:/GAME 201/3D Level Git/3D-Level/3D Level
Using Asset Import Pipeline V2.
Refreshing native plugins compatible for Editor in 51.11 ms, found 2 plugins.
Preloading 0 native plugins for Editor in 0.00 ms.
Initialize engine version: 2020.3.22f1 (e1a7f79fd887)
[Subsystems] Discovering subsystems at path C:/Program Files/Unity/Hub/Editor/2020.3.22f1/Editor/Data/Resources/UnitySubsystems
[Subsystems] Discovering subsystems at path J:/GAME 201/3D Level Git/3D-Level/3D Level/Assets
GfxDevice: creating device client; threaded=0
Direct3D:
    Version:  Direct3D 11.0 [level 11.1]
    Renderer: NVIDIA GeForce RTX 3060 Laptop GPU (ID=0x2560)
    Vendor:   
    VRAM:     6023 MB
    Driver:   30.0.15.1179
Initialize mono
Mono path[0] = 'C:/Program Files/Unity/Hub/Editor/2020.3.22f1/Editor/Data/Managed'
Mono path[1] = 'C:/Program Files/Unity/Hub/Editor/2020.3.22f1/Editor/Data/MonoBleedingEdge/lib/mono/unityjit'
Mono config path = 'C:/Program Files/Unity/Hub/Editor/2020.3.22f1/Editor/Data/MonoBleedingEdge/etc'
Using monoOptions --debugger-agent=transport=dt_socket,embedding=1,server=y,suspend=n,address=127.0.0.1:56452
Begin MonoManager ReloadAssembly
Registering precompiled unity dll's ...
Register platform support module: C:/Program Files/Unity/Hub/Editor/2020.3.22f1/Editor/Data/PlaybackEngines/WebGLSupport/UnityEditor.WebGL.Extensions.dll
Register platform support module: C:/Program Files/Unity/Hub/Editor/2020.3.22f1/Editor/Data/PlaybackEngines/WindowsStandaloneSupport/UnityEditor.WindowsStandalone.Extensions.dll
Registered in 0.001087 seconds.
Native extension for WindowsStandalone target not found
Native extension for WebGL target not found
Refreshing native plugins compatible for Editor in 40.04 ms, found 2 plugins.
Preloading 0 native plugins for Editor in 0.00 ms.
Mono: successfully reloaded assembly
- Completed reload, in  0.926 seconds
Domain Reload Profiling:
	ReloadAssembly (926ms)
		BeginReloadAssembly (36ms)
			ExecutionOrderSort (0ms)
			DisableScriptedObjects (0ms)
			BackupInstance (0ms)
			ReleaseScriptingObjects (0ms)
			CreateAndSetChildDomain (1ms)
		EndReloadAssembly (385ms)
			LoadAssemblies (35ms)
			RebuildTransferFunctionScriptingTraits (0ms)
			SetupTypeCache (123ms)
			ReleaseScriptCaches (0ms)
			RebuildScriptCaches (29ms)
			SetupLoadedEditorAssemblies (144ms)
				LogAssemblyErrors (0ms)
				InitializePlatformSupportModulesInManaged (3ms)
				SetLoadedEditorAssemblies (1ms)
				RefreshPlugins (40ms)
				BeforeProcessingInitializeOnLoad (14ms)
				ProcessInitializeOnLoadAttributes (63ms)
				ProcessInitializeOnLoadMethodAttributes (23ms)
				AfterProcessingInitializeOnLoad (0ms)
				EditorAssembliesLoaded (0ms)
			ExecutionOrderSort2 (0ms)
			AwakeInstancesAfterBackupRestoration (0ms)
Platform modules already initialized, skipping
Registering precompiled user dll's ...
Registered in 0.002713 seconds.
Begin MonoManager ReloadAssembly
Native extension for WindowsStandalone target not found
Native extension for WebGL target not found
Refreshing native plugins compatible for Editor in 40.93 ms, found 2 plugins.
Preloading 0 native plugins for Editor in 0.00 ms.
Mono: successfully reloaded assembly
- Completed reload, in  1.010 seconds
Domain Reload Profiling:
	ReloadAssembly (1011ms)
		BeginReloadAssembly (147ms)
			ExecutionOrderSort (0ms)
			DisableScriptedObjects (4ms)
			BackupInstance (0ms)
			ReleaseScriptingObjects (0ms)
			CreateAndSetChildDomain (27ms)
		EndReloadAssembly (812ms)
			LoadAssemblies (77ms)
			RebuildTransferFunctionScriptingTraits (0ms)
			SetupTypeCache (242ms)
			ReleaseScriptCaches (0ms)
			RebuildScriptCaches (45ms)
			SetupLoadedEditorAssemblies (344ms)
				LogAssemblyErrors (0ms)
				InitializePlatformSupportModulesInManaged (3ms)
				SetLoadedEditorAssemblies (0ms)
				RefreshPlugins (41ms)
				BeforeProcessingInitializeOnLoad (61ms)
				ProcessInitializeOnLoadAttributes (224ms)
				ProcessInitializeOnLoadMethodAttributes (11ms)
				AfterProcessingInitializeOnLoad (3ms)
				EditorAssembliesLoaded (0ms)
			ExecutionOrderSort2 (0ms)
			AwakeInstancesAfterBackupRestoration (4ms)
Platform modules already initialized, skipping
========================================================================
Worker process is ready to serve import requests
Launched and connected shader compiler UnityShaderCompiler.exe after 0.08 seconds
Refreshing native plugins compatible for Editor in 0.57 ms, found 2 plugins.
Preloading 0 native plugins for Editor in 0.00 ms.
Unloading 1950 Unused Serialized files (Serialized files now loaded: 0)
System memory in use before: 86.9 MB.
System memory in use after: 87.0 MB.

Unloading 22 unused Assets to reduce memory usage. Loaded Objects now: 2388.
Total: 3.085300 ms (FindLiveObjects: 0.228900 ms CreateObjectMapping: 0.079400 ms MarkObjects: 2.706000 ms  DeleteObjects: 0.069100 ms)

AssetImportParameters requested are different than current active one (requested -> active):
  custom:framework-win-MediaFoundation: 216162199b28c13a410421893ffa2e32 -> 
  custom:video-decoder-ogg-theora: a1e56fd34408186e4bbccfd4996cb3dc -> 
  custom:container-muxer-webm: aa71ff27fc2769a1b78a27578f13a17b -> 
  custom:container-demuxer-webm: 4f35f7cbe854078d1ac9338744f61a02 -> 
  custom:container-demuxer-ogg: 62fdf1f143b41e24485cea50d1cbac27 -> 
  custom:video-encoder-webm-vp8: eb34c28f22e8b96e1ab97ce403110664 -> 
  custom:video-codec-MediaFoundation-h265: 746d11721c4dcdbdad8f713fa42b33f4 -> 
  custom:video-decoder-webm-vp8: 9c59270c3fd7afecdb556c50c9e8de78 -> 
  custom:audio-decoder-ogg-vorbis: bf7c407c2cedff20999df2af8eb42d56 -> 
  custom:audio-encoder-webm-vorbis: bf7c407c2cedff20999df2af8eb42d56 -> 
========================================================================
Received Import Request.
  path: Assets/Polylised - Medieval Desert City/Prefabs/prefab_trees/dead_tree_h.prefab
  artifactKey: Guid(c22e62201f2b11245b2b8f3188b66655) Importer(815301076,1909f56bfc062723c751e8b465ee728b)
Start importing Assets/Polylised - Medieval Desert City/Prefabs/prefab_trees/dead_tree_h.prefab using Guid(c22e62201f2b11245b2b8f3188b66655) Importer(815301076,1909f56bfc062723c751e8b465ee728b)  -> (artifact id: 'd259da7cfc27137ea1cc8874e32cfdf0') in 0.132414 seconds 
  Import took 0.136175 seconds .

========================================================================
Received Import Request.
  Time since last request: 0.000405 seconds.
  path: Assets/Polylised - Medieval Desert City/Prefabs/prefab_trees/dead_tree_i.prefab
  artifactKey: Guid(c4789a704ccd23f4d9aa4a8694b41fa0) Importer(815301076,1909f56bfc062723c751e8b465ee728b)
Start importing Assets/Polylised - Medieval Desert City/Prefabs/prefab_trees/dead_tree_i.prefab using Guid(c4789a704ccd23f4d9aa4a8694b41fa0) Importer(815301076,1909f56bfc062723c751e8b465ee728b)  -> (artifact id: 'ad045fed5400d482d84fb0cde1188a42') in 0.021042 seconds 
  Import took 0.025969 seconds .

========================================================================
Received Import Request.
  Time since last request: 0.000620 seconds.
  path: Assets/Polylised - Medieval Desert City/Prefabs/prefab_trees/dead_tree_j.prefab
  artifactKey: Guid(29e966885f102e54d97ab5f78ed715c8) Importer(815301076,1909f56bfc062723c751e8b465ee728b)
Start importing Assets/Polylised - Medieval Desert City/Prefabs/prefab_trees/dead_tree_j.prefab using Guid(29e966885f102e54d97ab5f78ed715c8) Importer(815301076,1909f56bfc062723c751e8b465ee728b)  -> (artifact id: '5f45b2ff7f7d75d4c8e00309ab7b6b17') in 0.023326 seconds 
  Import took 0.028141 seconds .

========================================================================
Received Import Request.
  Time since last request: 0.000627 seconds.
  path: Assets/Polylised - Medieval Desert City/Prefabs/prefab_trees/dead_tree_e.prefab
  artifactKey: Guid(9e9d25172ea57e54cad899a510194ea8) Importer(815301076,1909f56bfc062723c751e8b465ee728b)
Start importing Assets/Polylised - Medieval Desert City/Prefabs/prefab_trees/dead_tree_e.prefab using Guid(9e9d25172ea57e54cad899a510194ea8) Importer(815301076,1909f56bfc062723c751e8b465ee728b)  -> (artifact id: '02e772a7f34a5d4a6618595ebb34a712') in 0.019468 seconds 
  Import took 0.023676 seconds .

========================================================================
Received Import Request.
  Time since last request: 0.000303 seconds.
  path: Assets/Polylised - Medieval Desert City/Prefabs/prefab_trees/dead_tree_d.prefab
  artifactKey: Guid(7ffc5928338e9a1418cd3caa68441619) Importer(815301076,1909f56bfc062723c751e8b465ee728b)
Start importing Assets/Polylised - Medieval Desert City/Prefabs/prefab_trees/dead_tree_d.prefab using Guid(7ffc5928338e9a1418cd3caa68441619) Importer(815301076,1909f56bfc062723c751e8b465ee728b)  -> (artifact id: '6c904c46d7db22e2dcfb925ff2ee5120') in 0.021630 seconds 
  Import took 0.025499 seconds .

========================================================================
Received Import Request.
  Time since last request: 0.000416 seconds.
  path: Assets/Polylised - Medieval Desert City/Prefabs/prefab_trees/dead_tree_g.prefab
  artifactKey: Guid(a923030e277c73c4880630365f3a67b0) Importer(815301076,1909f56bfc062723c751e8b465ee728b)
Start importing Assets/Polylised - Medieval Desert City/Prefabs/prefab_trees/dead_tree_g.prefab using Guid(a923030e277c73c4880630365f3a67b0) Importer(815301076,1909f56bfc062723c751e8b465ee728b)  -> (artifact id: 'e14411278656a4b601b3bac4fb17bcfc') in 0.019863 seconds 
  Import took 0.023874 seconds .

========================================================================
Received Import Request.
  Time since last request: 0.000422 seconds.
  path: Assets/Polylised - Medieval Desert City/Prefabs/prefab_trees/dead_tree_b.prefab
  artifactKey: Guid(ccdba26d869ffd548856ea7eca38ac97) Importer(815301076,1909f56bfc062723c751e8b465ee728b)
Start importing Assets/Polylised - Medieval Desert City/Prefabs/prefab_trees/dead_tree_b.prefab using Guid(ccdba26d869ffd548856ea7eca38ac97) Importer(815301076,1909f56bfc062723c751e8b465ee728b)  -> (artifact id: '8e570e3019c467e14a5767edd5b06ff0') in 0.015255 seconds 
  Import took 0.019560 seconds .

========================================================================
Received Import Request.
  Time since last request: 0.000424 seconds.
  path: Assets/Polylised - Medieval Desert City/Prefabs/prefab_trees/dead_tree_c.prefab
  artifactKey: Guid(ca09ab545ccbe4346af61d072bc2b67f) Importer(815301076,1909f56bfc062723c751e8b465ee728b)
Start importing Assets/Polylised - Medieval Desert City/Prefabs/prefab_trees/dead_tree_c.prefab using Guid(ca09ab545ccbe4346af61d072bc2b67f) Importer(815301076,1909f56bfc062723c751e8b465ee728b)  -> (artifact id: 'a4ad83e48980c9231284168f1cb016f5') in 0.017683 seconds 
  Import took 0.021680 seconds .

========================================================================
Received Import Request.
  Time since last request: 0.000396 seconds.
  path: Assets/Polylised - Medieval Desert City/Prefabs/prefab_trees/dead_tree_a.prefab
  artifactKey: Guid(4215dcb581b5b634c914cd0cf1ccd81b) Importer(815301076,1909f56bfc062723c751e8b465ee728b)
Start importing Assets/Polylised - Medieval Desert City/Prefabs/prefab_trees/dead_tree_a.prefab using Guid(4215dcb581b5b634c914cd0cf1ccd81b) Importer(815301076,1909f56bfc062723c751e8b465ee728b)  -> (artifact id: '445d2b52eab85fd628d960abd11dba5e') in 0.027428 seconds 
  Import took 0.032422 seconds .

========================================================================
Received Import Request.
  Time since last request: 0.000431 seconds.
  path: Assets/Polylised - Medieval Desert City/Prefabs/prefab_trees/dead_tree_f.prefab
  artifactKey: Guid(de205966855be504a95152ab56d0896e) Importer(815301076,1909f56bfc062723c751e8b465ee728b)
Start importing Assets/Polylised - Medieval Desert City/Prefabs/prefab_trees/dead_tree_f.prefab using Guid(de205966855be504a95152ab56d0896e) Importer(815301076,1909f56bfc062723c751e8b465ee728b)  -> (artifact id: '77710998b8d6732f86561f5a53f9e323') in 0.020481 seconds 
  Import took 0.024493 seconds .

========================================================================
Received Import Request.
  Time since last request: 1.606743 seconds.
  path: Assets/Polylised - Medieval Desert City/Prefabs/prefab_trees/dead_tree_e.prefab
  artifactKey: Guid(9e9d25172ea57e54cad899a510194ea8) Importer(815301076,1909f56bfc062723c751e8b465ee728b)
Start importing Assets/Polylised - Medieval Desert City/Prefabs/prefab_trees/dead_tree_e.prefab using Guid(9e9d25172ea57e54cad899a510194ea8) Importer(815301076,1909f56bfc062723c751e8b465ee728b)  -> (artifact id: '94fa39b27257e156e9aa512a91d2f048') in 0.014087 seconds 
  Import took 0.027571 seconds .

========================================================================
Received Import Request.
  Time since last request: 0.000868 seconds.
  path: Assets/Polylised - Medieval Desert City/Prefabs/prefab_trees/dead_tree_a.prefab
  artifactKey: Guid(4215dcb581b5b634c914cd0cf1ccd81b) Importer(815301076,1909f56bfc062723c751e8b465ee728b)
Start importing Assets/Polylised - Medieval Desert City/Prefabs/prefab_trees/dead_tree_a.prefab using Guid(4215dcb581b5b634c914cd0cf1ccd81b) Importer(815301076,1909f56bfc062723c751e8b465ee728b)  -> (artifact id: '8d1fd5cf8d420cb3bad9ce10d6fa8f70') in 0.014533 seconds 
  Import took 0.018796 seconds .

========================================================================
Received Import Request.
  Time since last request: 0.000454 seconds.
  path: Assets/Polylised - Medieval Desert City/Prefabs/prefab_trees/dead_tree_h.prefab
  artifactKey: Guid(c22e62201f2b11245b2b8f3188b66655) Importer(815301076,1909f56bfc062723c751e8b465ee728b)
Start importing Assets/Polylised - Medieval Desert City/Prefabs/prefab_trees/dead_tree_h.prefab using Guid(c22e62201f2b11245b2b8f3188b66655) Importer(815301076,1909f56bfc062723c751e8b465ee728b)  -> (artifact id: 'cadb8a46fc136624c3b6480da8a63e88') in 0.009171 seconds 
  Import took 0.013589 seconds .

========================================================================
Received Import Request.
  Time since last request: 0.000345 seconds.
  path: Assets/Polylised - Medieval Desert City/Prefabs/prefab_trees/dead_tree_i.prefab
  artifactKey: Guid(c4789a704ccd23f4d9aa4a8694b41fa0) Importer(815301076,1909f56bfc062723c751e8b465ee728b)
Start importing Assets/Polylised - Medieval Desert City/Prefabs/prefab_trees/dead_tree_i.prefab using Guid(c4789a704ccd23f4d9aa4a8694b41fa0) Importer(815301076,1909f56bfc062723c751e8b465ee728b)  -> (artifact id: 'ba5a281a3b85b4010fa922a4c1ff78ff') in 0.008517 seconds 
  Import took 0.012385 seconds .

========================================================================
Received Import Request.
  Time since last request: 0.000268 seconds.
  path: Assets/Polylised - Medieval Desert City/Prefabs/prefab_trees/dead_tree_j.prefab
  artifactKey: Guid(29e966885f102e54d97ab5f78ed715c8) Importer(815301076,1909f56bfc062723c751e8b465ee728b)
Start importing Assets/Polylised - Medieval Desert City/Prefabs/prefab_trees/dead_tree_j.prefab using Guid(29e966885f102e54d97ab5f78ed715c8) Importer(815301076,1909f56bfc062723c751e8b465ee728b)  -> (artifact id: '302c1503ec265046352ed57617d1c560') in 0.011427 seconds 
  Import took 0.014504 seconds .

========================================================================
Received Import Request.
  Time since last request: 0.000341 seconds.
  path: Assets/Polylised - Medieval Desert City/Prefabs/prefab_trees/dead_tree_d.prefab
  artifactKey: Guid(7ffc5928338e9a1418cd3caa68441619) Importer(815301076,1909f56bfc062723c751e8b465ee728b)
Start importing Assets/Polylised - Medieval Desert City/Prefabs/prefab_trees/dead_tree_d.prefab using Guid(7ffc5928338e9a1418cd3caa68441619) Importer(815301076,1909f56bfc062723c751e8b465ee728b)  -> (artifact id: '4d3cb32b83ba5345093b695b2102b7ab') in 0.010642 seconds 
  Import took 0.013917 seconds .

========================================================================
Received Import Request.
  Time since last request: 0.000278 seconds.
  path: Assets/Polylised - Medieval Desert City/Prefabs/prefab_trees/dead_tree_g.prefab
  artifactKey: Guid(a923030e277c73c4880630365f3a67b0) Importer(815301076,1909f56bfc062723c751e8b465ee728b)
Start importing Assets/Polylised - Medieval Desert City/Prefabs/prefab_trees/dead_tree_g.prefab using Guid(a923030e277c73c4880630365f3a67b0) Importer(815301076,1909f56bfc062723c751e8b465ee728b)  -> (artifact id: '136c578df720e04157aa3bcaa97b9e30') in 0.010828 seconds 
  Import took 0.014601 seconds .

========================================================================
Received Import Request.
  Time since last request: 0.000651 seconds.
  path: Assets/Polylised - Medieval Desert City/Prefabs/prefab_trees/dead_tree_b.prefab
  artifactKey: Guid(ccdba26d869ffd548856ea7eca38ac97) Importer(815301076,1909f56bfc062723c751e8b465ee728b)
Start importing Assets/Polylised - Medieval Desert City/Prefabs/prefab_trees/dead_tree_b.prefab using Guid(ccdba26d869ffd548856ea7eca38ac97) Importer(815301076,1909f56bfc062723c751e8b465ee728b)  -> (artifact id: '34b3e86aac03f47018819b86dcd27776') in 0.014425 seconds 
  Import took 0.019395 seconds .

========================================================================
Received Import Request.
  Time since last request: 0.000730 seconds.
  path: Assets/Polylised - Medieval Desert City/Prefabs/prefab_trees/dead_tree_c.prefab
  artifactKey: Guid(ca09ab545ccbe4346af61d072bc2b67f) Importer(815301076,1909f56bfc062723c751e8b465ee728b)
Start importing Assets/Polylised - Medieval Desert City/Prefabs/prefab_trees/dead_tree_c.prefab using Guid(ca09ab545ccbe4346af61d072bc2b67f) Importer(815301076,1909f56bfc062723c751e8b465ee728b)  -> (artifact id: 'ced6ca9068856f678e02d30de85a8796') in 0.013325 seconds 
  Import took 0.017297 seconds .

========================================================================
Received Import Request.
  Time since last request: 0.000548 seconds.
  path: Assets/Polylised - Medieval Desert City/Prefabs/prefab_trees/dead_tree_f.prefab
  artifactKey: Guid(de205966855be504a95152ab56d0896e) Importer(815301076,1909f56bfc062723c751e8b465ee728b)
Start importing Assets/Polylised - Medieval Desert City/Prefabs/prefab_trees/dead_tree_f.prefab using Guid(de205966855be504a95152ab56d0896e) Importer(815301076,1909f56bfc062723c751e8b465ee728b)  -> (artifact id: '78103b309ad5734bfe99b6c6761a0c9a') in 0.012311 seconds 
  Import took 0.015536 seconds .

========================================================================
Received Import Request.
  Time since last request: 350.653015 seconds.
  path: Assets/Polylised - Medieval Desert City/Models/Civilian_Buildings/Materials/Terrain 1.mat
  artifactKey: Guid(754229dc66b057d40bcd2ebe48424571) Importer(815301076,1909f56bfc062723c751e8b465ee728b)
Start importing Assets/Polylised - Medieval Desert City/Models/Civilian_Buildings/Materials/Terrain 1.mat using Guid(754229dc66b057d40bcd2ebe48424571) Importer(815301076,1909f56bfc062723c751e8b465ee728b)  -> (artifact id: 'd3913d3ce07fd9f17218aabacfb11e94') in 0.060198 seconds 
  Import took 0.068406 seconds .

========================================================================
Received Import Request.
  Time since last request: 9.863134 seconds.
  path: Assets/Attempt.mat
  artifactKey: Guid(554a13b3c7cac2347a0734c59ec16eef) Importer(815301076,1909f56bfc062723c751e8b465ee728b)
Start importing Assets/Attempt.mat using Guid(554a13b3c7cac2347a0734c59ec16eef) Importer(815301076,1909f56bfc062723c751e8b465ee728b)  -> (artifact id: '12a53bec86a06fd769ccf6f967c8244e') in 0.020858 seconds 
  Import took 0.025955 seconds .

========================================================================
Received Import Request.
  Time since last request: 40.939960 seconds.
  path: Assets/Attempt.mat
  artifactKey: Guid(554a13b3c7cac2347a0734c59ec16eef) Importer(815301076,1909f56bfc062723c751e8b465ee728b)
Start importing Assets/Attempt.mat using Guid(554a13b3c7cac2347a0734c59ec16eef) Importer(815301076,1909f56bfc062723c751e8b465ee728b)  -> (artifact id: '6644ce37acbf23352e2d5e0592d275d0') in 0.019988 seconds 
  Import took 0.024425 seconds .

========================================================================
Received Prepare
Registering precompiled user dll's ...
Registered in 0.002078 seconds.
Begin MonoManager ReloadAssembly
Native extension for WindowsStandalone target not found
Native extension for WebGL target not found
Refreshing native plugins compatible for Editor in 0.54 ms, found 2 plugins.
Preloading 0 native plugins for Editor in 0.00 ms.
Mono: successfully reloaded assembly
- Completed reload, in  0.993 seconds
Domain Reload Profiling:
	ReloadAssembly (994ms)
		BeginReloadAssembly (114ms)
			ExecutionOrderSort (0ms)
			DisableScriptedObjects (4ms)
			BackupInstance (0ms)
			ReleaseScriptingObjects (0ms)
			CreateAndSetChildDomain (42ms)
		EndReloadAssembly (825ms)
			LoadAssemblies (72ms)
			RebuildTransferFunctionScriptingTraits (0ms)
			SetupTypeCache (282ms)
			ReleaseScriptCaches (1ms)
			RebuildScriptCaches (43ms)
			SetupLoadedEditorAssemblies (328ms)
				LogAssemblyErrors (0ms)
				InitializePlatformSupportModulesInManaged (4ms)
				SetLoadedEditorAssemblies (0ms)
				RefreshPlugins (1ms)
				BeforeProcessingInitializeOnLoad (63ms)
				ProcessInitializeOnLoadAttributes (250ms)
				ProcessInitializeOnLoadMethodAttributes (8ms)
				AfterProcessingInitializeOnLoad (3ms)
				EditorAssembliesLoaded (0ms)
			ExecutionOrderSort2 (0ms)
			AwakeInstancesAfterBackupRestoration (5ms)
Platform modules already initialized, skipping
Refreshing native plugins compatible for Editor in 0.71 ms, found 2 plugins.
Preloading 0 native plugins for Editor in 0.00 ms.
Unloading 1940 Unused Serialized files (Serialized files now loaded: 0)
System memory in use before: 89.9 MB.
System memory in use after: 90.0 MB.

Unloading 15 unused Assets to reduce memory usage. Loaded Objects now: 2430.
Total: 4.039200 ms (FindLiveObjects: 0.263600 ms CreateObjectMapping: 0.059200 ms MarkObjects: 3.684300 ms  DeleteObjects: 0.030600 ms)

AssetImportParameters requested are different than current active one (requested -> active):
  custom:framework-win-MediaFoundation: 216162199b28c13a410421893ffa2e32 -> 
  custom:video-decoder-ogg-theora: a1e56fd34408186e4bbccfd4996cb3dc -> 
  custom:container-muxer-webm: aa71ff27fc2769a1b78a27578f13a17b -> 
  custom:container-demuxer-webm: 4f35f7cbe854078d1ac9338744f61a02 -> 
  custom:container-demuxer-ogg: 62fdf1f143b41e24485cea50d1cbac27 -> 
  custom:video-encoder-webm-vp8: eb34c28f22e8b96e1ab97ce403110664 -> 
  custom:video-codec-MediaFoundation-h265: 746d11721c4dcdbdad8f713fa42b33f4 -> 
  custom:video-decoder-webm-vp8: 9c59270c3fd7afecdb556c50c9e8de78 -> 
  custom:audio-decoder-ogg-vorbis: bf7c407c2cedff20999df2af8eb42d56 -> 
  custom:audio-encoder-webm-vorbis: bf7c407c2cedff20999df2af8eb42d56 -> 
